Jitter Value: 373
Total Tests Passing: 93
TESTING SCORE: A

- - - - - - - - - - - - - - - - - - - - - - - - - - - - - - - - - - - - - - 

SUMMARY BY TEST SET

Test Set                                      Pts Max  % Ttl  % Max
--------------------------------------------- --- --- ------ ------
tests/vm/Rubric.functionality                  30/ 33  21.8%/ 24.0%
tests/vm/Rubric.robustness                     14/ 14   8.0%/  8.0%
tests/userprog/Rubric.functionality           108/108   5.0%/  5.0%
tests/userprog/Rubric.robustness               88/ 88   3.0%/  3.0%
tests/filesys/base/Rubric                      30/ 30  10.0%/ 10.0%
--------------------------------------------- --- --- ------ ------
Total                                                  47.8%/ 50.0%

- - - - - - - - - - - - - - - - - - - - - - - - - - - - - - - - - - - - - - 

SUMMARY OF INDIVIDUAL TESTS

Functionality of virtual memory subsystem (tests/vm/Rubric.functionality):
	- Test stack growth.
	     3/ 3 tests/vm/pt-grow-stack
	     3/ 3 tests/vm/pt-grow-stk-sc
	     3/ 3 tests/vm/pt-big-stk-obj
	     3/ 3 tests/vm/pt-grow-pusha

	- Test paging behavior.
	     3/ 3 tests/vm/page-linear
	  ** 0/ 3 tests/vm/page-parallel
	     3/ 3 tests/vm/page-shuffle
	     4/ 4 tests/vm/page-merge-seq
	     4/ 4 tests/vm/page-merge-par
	     4/ 4 tests/vm/page-merge-stk


	- Section summary.
	      9/ 10 tests passed
	     30/ 33 points subtotal

Robustness of virtual memory subsystem (tests/vm/Rubric.robustness):
	- Test robustness of page table support.
	     2/ 2 tests/vm/pt-bad-addr
	     3/ 3 tests/vm/pt-bad-read
	     2/ 2 tests/vm/pt-write-code
	     3/ 3 tests/vm/pt-write-code2
	     4/ 4 tests/vm/pt-grow-bad


	- Section summary.
	      5/  5 tests passed
	     14/ 14 points subtotal

Functionality of system calls (tests/userprog/Rubric.functionality):
	- Test argument passing on Pintos command line.
	     3/ 3 tests/userprog/args-none
	     3/ 3 tests/userprog/args-single
	     3/ 3 tests/userprog/args-multiple
	     3/ 3 tests/userprog/args-many
	     3/ 3 tests/userprog/args-dbl-space

	- Test "create" system call.
	     3/ 3 tests/userprog/create-empty
	     3/ 3 tests/userprog/create-long
	     3/ 3 tests/userprog/create-normal
	     3/ 3 tests/userprog/create-exists

	- Test "open" system call.
	     3/ 3 tests/userprog/open-missing
	     3/ 3 tests/userprog/open-normal
	     3/ 3 tests/userprog/open-twice

	- Test "read" system call.
	     3/ 3 tests/userprog/read-normal
	     3/ 3 tests/userprog/read-zero

	- Test "write" system call.
	     3/ 3 tests/userprog/write-normal
	     3/ 3 tests/userprog/write-zero

	- Test "close" system call.
	     3/ 3 tests/userprog/close-normal

	- Test "exec" system call.
	     5/ 5 tests/userprog/exec-once
	     5/ 5 tests/userprog/exec-multiple
	     5/ 5 tests/userprog/exec-arg

	- Test "wait" system call.
	     5/ 5 tests/userprog/wait-simple
	     5/ 5 tests/userprog/wait-twice

	- Test "exit" system call.
	     5/ 5 tests/userprog/exit

	- Test "halt" system call.
	     3/ 3 tests/userprog/halt

	- Test recursive execution of user programs.
	    15/15 tests/userprog/multi-recurse

	- Test read-only executable feature.
	     3/ 3 tests/userprog/rox-simple
	     3/ 3 tests/userprog/rox-child
	     3/ 3 tests/userprog/rox-multichild

	- Section summary.
	     28/ 28 tests passed
	    108/108 points subtotal

Robustness of system calls (tests/userprog/Rubric.robustness):
	- Test robustness of file descriptor handling.
	     2/ 2 tests/userprog/close-stdin
	     2/ 2 tests/userprog/close-stdout
	     2/ 2 tests/userprog/close-bad-fd
	     2/ 2 tests/userprog/close-twice
	     2/ 2 tests/userprog/read-bad-fd
	     2/ 2 tests/userprog/read-stdout
	     2/ 2 tests/userprog/write-bad-fd
	     2/ 2 tests/userprog/write-stdin
	     2/ 2 tests/userprog/multi-child-fd

	- Test robustness of pointer handling.
	     3/ 3 tests/userprog/create-bad-ptr
	     3/ 3 tests/userprog/exec-bad-ptr
	     3/ 3 tests/userprog/open-bad-ptr
	     3/ 3 tests/userprog/read-bad-ptr
	     3/ 3 tests/userprog/write-bad-ptr

	- Test robustness of buffer copying across page boundaries.
	     2/ 2 tests/userprog/create-bound
	     2/ 2 tests/userprog/open-boundary
	     2/ 2 tests/userprog/read-boundary
	     2/ 2 tests/userprog/write-boundary
	     2/ 2 tests/userprog/exec-bound
	     1/ 1 tests/userprog/exec-bound-2
	     1/ 1 tests/userprog/exec-bound-3

	- Test handling of null pointer and empty strings.
	     2/ 2 tests/userprog/create-null
	     2/ 2 tests/userprog/open-null
	     2/ 2 tests/userprog/open-empty

	- Test robustness of system call implementation.
	     3/ 3 tests/userprog/sc-bad-arg
	     3/ 3 tests/userprog/sc-bad-sp
	     4/ 4 tests/userprog/sc-boundary
	     3/ 3 tests/userprog/sc-boundary-2
	     3/ 3 tests/userprog/sc-boundary-3

	- Test robustness of "exec" and "wait" system calls.
	     5/ 5 tests/userprog/exec-missing
	     5/ 5 tests/userprog/wait-bad-pid
	     5/ 5 tests/userprog/wait-killed

	- Test robustness of exception handling.
	     1/ 1 tests/userprog/bad-read
	     1/ 1 tests/userprog/bad-write
	     1/ 1 tests/userprog/bad-jump
	     1/ 1 tests/userprog/bad-read2
	     1/ 1 tests/userprog/bad-write2
	     1/ 1 tests/userprog/bad-jump2

	- Section summary.
	     38/ 38 tests passed
	     88/ 88 points subtotal

Functionality of base file system (tests/filesys/base/Rubric):
	- Test basic support for small files.
	     1/ 1 tests/filesys/base/sm-create
	     2/ 2 tests/filesys/base/sm-full
	     2/ 2 tests/filesys/base/sm-random
	     2/ 2 tests/filesys/base/sm-seq-block
	     3/ 3 tests/filesys/base/sm-seq-random

	- Test basic support for large files.
	     1/ 1 tests/filesys/base/lg-create
	     2/ 2 tests/filesys/base/lg-full
	     2/ 2 tests/filesys/base/lg-random
	     2/ 2 tests/filesys/base/lg-seq-block
	     3/ 3 tests/filesys/base/lg-seq-random

	- Test synchronized multiprogram access to files.
	     4/ 4 tests/filesys/base/syn-read
	     4/ 4 tests/filesys/base/syn-write
	     2/ 2 tests/filesys/base/syn-remove

	- Section summary.
	     13/ 13 tests passed
	     30/ 30 points subtotal


- - - - - - - - - - - - - - - - - - - - - - - - - - - - - - - - - - - - - - 

DETAILS OF tests/vm/page-parallel FAILURE:

Kernel panic in run: PANIC at ../../threads/palloc.c:136 in palloc_free_multiple(): assertion `bitmap_all (pool->used_map, page_idx, page_cnt)' failed.
Call stack: 0xc002892b 0xc002355b 0xc0023574 0xc002bba6 0xc002b35f 0xc002c8d2 0xc002ca4b 0xc0021ab5 0xc0021ce7 0x804a101
Translation of call stack:
In kernel.o:
0xc002892b: debug_panic (.../../lib/kernel/debug.c:37)
0xc002355b: palloc_free_page (..../../threads/palloc.c:141)
0xc0023574: palloc_free_page (..../../threads/palloc.c:141)
0xc002bba6: pagedir_destroy (.../../userprog/pagedir.c:42)
0xc002b35f: process_exit (...../userprog/process.c:300)
0xc002c8d2: system_exit (.../../userprog/syscall.c:40)
0xc002ca4b: syscall_handler (...../userprog/syscall.c:250)
0xc0021ab5: intr_handler (..../threads/interrupt.c:359)
0xc0021ce7: intr_entry (threads/intr-stubs.o:?)
In tests/vm/page-parallel:
0x0804a101: chdir (.../../lib/user/syscall.c:98)
Translations of user virtual addresses above are based on a guess at
the binary to use.  If this guess is incorrect, then those
translations will be misleading.

OUTPUT FROM tests/vm/page-parallel:

Copying tests/vm/page-parallel to scratch partition...
Copying tests/vm/child-linear to scratch partition...
squish-pty bochs -q -j 373

PiLo hda1
Loading............
Kernel command line: -q -f extract run page-parallel
Pintos booting with 4,096 kB RAM...
383 pages available in kernel pool.
383 pages available in user pool.
Calibrating timer...  106,200 loops/s.
hda: 13,104 sectors (6 MB), model "BXHD00011", serial "Generic 1234"
hda1: 198 sectors (99 kB), Pintos OS kernel (20)
hda2: 4,096 sectors (2 MB), Pintos file system (21)
hda3: 293 sectors (146 kB), Pintos scratch (22)
hda4: 8,192 sectors (4 MB), Pintos swap (23)
filesys: using hda2
scratch: using hda3
swap: using hda4
Formatting file system...done.
Boot complete.
Extracting ustar archive from scratch device into file system...
Putting 'page-parallel' into the file system...
Putting 'child-linear' into the file system...
Erasing ustar archive...
Executing 'page-parallel':
(page-parallel) begin
(page-parallel) exec "child-linear"
(page-parallel) exec "child-linear"
(page-parallel) exec "child-linear"
(page-parallel) exec "child-linear"
(page-parallel) wait for child 0
child-linear: exit(66)
child-linear: exit(66)
Kernel PANIC at ../../threads/palloc.c:136 in palloc_free_multiple(): assertion `bitmap_all (pool->used_map, page_idx, page_cnt)' failed.
Call stack: 0xc002892b 0xc002355b 0xc0023574 0xc002bba6 0xc002b35f 0xc002c8d2 0xc002ca4b 0xc0021ab5 0xc0021ce7 0x804a101Kernel PANIC recursion at ../../userprog/pagedir.c:58 in lookup_page().
Timer: 84799 ticks
Thread: 135 idle ticks, 740 kernel ticks, 83924 user ticks
hda2 (filesys): 261 reads, 592 writes
hda3 (scratch): 292 reads, 2 writes
hda4 (swap): 16299 reads, 21408 writes
Console: 1542 characters output
Keyboard: 0 keys pressed
Exception: 3086 page faults
Powering off..