Jitter Value: 253
Total Tests Passing: 91
TESTING SCORE: A

- - - - - - - - - - - - - - - - - - - - - - - - - - - - - - - - - - - - - - 

SUMMARY BY TEST SET

Test Set                                      Pts Max  % Ttl  % Max
--------------------------------------------- --- --- ------ ------
tests/vm/Rubric.functionality                  23/ 33  16.7%/ 24.0%
tests/vm/Rubric.robustness                     14/ 14   8.0%/  8.0%
tests/userprog/Rubric.functionality           108/108   5.0%/  5.0%
tests/userprog/Rubric.robustness               88/ 88   3.0%/  3.0%
tests/filesys/base/Rubric                      30/ 30  10.0%/ 10.0%
--------------------------------------------- --- --- ------ ------
Total                                                  42.7%/ 50.0%

- - - - - - - - - - - - - - - - - - - - - - - - - - - - - - - - - - - - - - 

SUMMARY OF INDIVIDUAL TESTS

Functionality of virtual memory subsystem (tests/vm/Rubric.functionality):
	- Test stack growth.
	     3/ 3 tests/vm/pt-grow-stack
	     3/ 3 tests/vm/pt-grow-stk-sc
	     3/ 3 tests/vm/pt-big-stk-obj
	     3/ 3 tests/vm/pt-grow-pusha

	- Test paging behavior.
	  ** 0/ 3 tests/vm/page-linear
	  ** 0/ 3 tests/vm/page-parallel
	     3/ 3 tests/vm/page-shuffle
	     4/ 4 tests/vm/page-merge-seq
	     4/ 4 tests/vm/page-merge-par
	  ** 0/ 4 tests/vm/page-merge-stk


	- Section summary.
	      7/ 10 tests passed
	     23/ 33 points subtotal

Robustness of virtual memory subsystem (tests/vm/Rubric.robustness):
	- Test robustness of page table support.
	     2/ 2 tests/vm/pt-bad-addr
	     3/ 3 tests/vm/pt-bad-read
	     2/ 2 tests/vm/pt-write-code
	     3/ 3 tests/vm/pt-write-code2
	     4/ 4 tests/vm/pt-grow-bad


	- Section summary.
	      5/  5 tests passed
	     14/ 14 points subtotal

Functionality of system calls (tests/userprog/Rubric.functionality):
	- Test argument passing on Pintos command line.
	     3/ 3 tests/userprog/args-none
	     3/ 3 tests/userprog/args-single
	     3/ 3 tests/userprog/args-multiple
	     3/ 3 tests/userprog/args-many
	     3/ 3 tests/userprog/args-dbl-space

	- Test "create" system call.
	     3/ 3 tests/userprog/create-empty
	     3/ 3 tests/userprog/create-long
	     3/ 3 tests/userprog/create-normal
	     3/ 3 tests/userprog/create-exists

	- Test "open" system call.
	     3/ 3 tests/userprog/open-missing
	     3/ 3 tests/userprog/open-normal
	     3/ 3 tests/userprog/open-twice

	- Test "read" system call.
	     3/ 3 tests/userprog/read-normal
	     3/ 3 tests/userprog/read-zero

	- Test "write" system call.
	     3/ 3 tests/userprog/write-normal
	     3/ 3 tests/userprog/write-zero

	- Test "close" system call.
	     3/ 3 tests/userprog/close-normal

	- Test "exec" system call.
	     5/ 5 tests/userprog/exec-once
	     5/ 5 tests/userprog/exec-multiple
	     5/ 5 tests/userprog/exec-arg

	- Test "wait" system call.
	     5/ 5 tests/userprog/wait-simple
	     5/ 5 tests/userprog/wait-twice

	- Test "exit" system call.
	     5/ 5 tests/userprog/exit

	- Test "halt" system call.
	     3/ 3 tests/userprog/halt

	- Test recursive execution of user programs.
	    15/15 tests/userprog/multi-recurse

	- Test read-only executable feature.
	     3/ 3 tests/userprog/rox-simple
	     3/ 3 tests/userprog/rox-child
	     3/ 3 tests/userprog/rox-multichild

	- Section summary.
	     28/ 28 tests passed
	    108/108 points subtotal

Robustness of system calls (tests/userprog/Rubric.robustness):
	- Test robustness of file descriptor handling.
	     2/ 2 tests/userprog/close-stdin
	     2/ 2 tests/userprog/close-stdout
	     2/ 2 tests/userprog/close-bad-fd
	     2/ 2 tests/userprog/close-twice
	     2/ 2 tests/userprog/read-bad-fd
	     2/ 2 tests/userprog/read-stdout
	     2/ 2 tests/userprog/write-bad-fd
	     2/ 2 tests/userprog/write-stdin
	     2/ 2 tests/userprog/multi-child-fd

	- Test robustness of pointer handling.
	     3/ 3 tests/userprog/create-bad-ptr
	     3/ 3 tests/userprog/exec-bad-ptr
	     3/ 3 tests/userprog/open-bad-ptr
	     3/ 3 tests/userprog/read-bad-ptr
	     3/ 3 tests/userprog/write-bad-ptr

	- Test robustness of buffer copying across page boundaries.
	     2/ 2 tests/userprog/create-bound
	     2/ 2 tests/userprog/open-boundary
	     2/ 2 tests/userprog/read-boundary
	     2/ 2 tests/userprog/write-boundary
	     2/ 2 tests/userprog/exec-bound
	     1/ 1 tests/userprog/exec-bound-2
	     1/ 1 tests/userprog/exec-bound-3

	- Test handling of null pointer and empty strings.
	     2/ 2 tests/userprog/create-null
	     2/ 2 tests/userprog/open-null
	     2/ 2 tests/userprog/open-empty

	- Test robustness of system call implementation.
	     3/ 3 tests/userprog/sc-bad-arg
	     3/ 3 tests/userprog/sc-bad-sp
	     4/ 4 tests/userprog/sc-boundary
	     3/ 3 tests/userprog/sc-boundary-2
	     3/ 3 tests/userprog/sc-boundary-3

	- Test robustness of "exec" and "wait" system calls.
	     5/ 5 tests/userprog/exec-missing
	     5/ 5 tests/userprog/wait-bad-pid
	     5/ 5 tests/userprog/wait-killed

	- Test robustness of exception handling.
	     1/ 1 tests/userprog/bad-read
	     1/ 1 tests/userprog/bad-write
	     1/ 1 tests/userprog/bad-jump
	     1/ 1 tests/userprog/bad-read2
	     1/ 1 tests/userprog/bad-write2
	     1/ 1 tests/userprog/bad-jump2

	- Section summary.
	     38/ 38 tests passed
	     88/ 88 points subtotal

Functionality of base file system (tests/filesys/base/Rubric):
	- Test basic support for small files.
	     1/ 1 tests/filesys/base/sm-create
	     2/ 2 tests/filesys/base/sm-full
	     2/ 2 tests/filesys/base/sm-random
	     2/ 2 tests/filesys/base/sm-seq-block
	     3/ 3 tests/filesys/base/sm-seq-random

	- Test basic support for large files.
	     1/ 1 tests/filesys/base/lg-create
	     2/ 2 tests/filesys/base/lg-full
	     2/ 2 tests/filesys/base/lg-random
	     2/ 2 tests/filesys/base/lg-seq-block
	     3/ 3 tests/filesys/base/lg-seq-random

	- Test synchronized multiprogram access to files.
	     4/ 4 tests/filesys/base/syn-read
	     4/ 4 tests/filesys/base/syn-write
	     2/ 2 tests/filesys/base/syn-remove

	- Section summary.
	     13/ 13 tests passed
	     30/ 30 points subtotal


- - - - - - - - - - - - - - - - - - - - - - - - - - - - - - - - - - - - - - 

DETAILS OF tests/vm/page-linear FAILURE:

run: byte 0 != 0x5a: FAILED

OUTPUT FROM tests/vm/page-linear:

Copying tests/vm/page-linear to scratch partition...
squish-pty bochs -q -j 253

PiLo hda1
Loading............
Kernel command line: -q -f extract run page-linear
Pintos booting with 4,096 kB RAM...
383 pages available in kernel pool.
383 pages available in user pool.
Calibrating timer...  103,000 loops/s.
hda: 13,104 sectors (6 MB), model "BXHD00011", serial "Generic 1234"
hda1: 198 sectors (99 kB), Pintos OS kernel (20)
hda2: 4,096 sectors (2 MB), Pintos file system (21)
hda3: 152 sectors (76 kB), Pintos scratch (22)
hda4: 8,192 sectors (4 MB), Pintos swap (23)
filesys: using hda2
scratch: using hda3
swap: using hda4
Formatting file system...done.
Boot complete.
Extracting ustar archive from scratch device into file system...
Putting 'page-linear' into the file system...
Erasing ustar archive...
Executing 'page-linear':
(page-linear) begin
(page-linear) initialize
(page-linear) read pass
(page-linear) read/modify/write pass one
(page-linear) read/modify/write pass two
(page-linear) read pass
(page-linear) byte 0 != 0x5a: FAILED
page-linear: exit(1)
Execution of 'page-linear' complete.
Timer: 44749 ticks
Thread: 70 idle ticks, 437 kernel ticks, 44250 user ticks
hda2 (filesys): 118 reads, 308 writes
hda3 (scratch): 151 reads, 2 writes
hda4 (swap): 12320 reads, 13400 writes
Console: 1182 characters output
Keyboard: 0 keys pressed
Exception: 2065 page faults
Powering off...

- - - - - - - - - - - - - - - - - - - - - - - - - - - - - - - - - - - - - - 

DETAILS OF tests/vm/page-parallel FAILURE:

Kernel panic in run: PANIC at ../../threads/palloc.c:136 in palloc_free_multiple(): assertion `bitmap_all (pool->used_map, page_idx, page_cnt)' failed.
Call stack: 0xc002892b 0xc002355b 0xc0023574 0xc002bba6 0xc002b35f 0xc002c8d2 0xc002ca4b 0xc0021ab5 0xc0021ce7 0x804a101
Translation of call stack:
In kernel.o:
0xc002892b: debug_panic (.../../lib/kernel/debug.c:37)
0xc002355b: palloc_free_page (..../../threads/palloc.c:141)
0xc0023574: palloc_free_page (..../../threads/palloc.c:141)
0xc002bba6: pagedir_destroy (.../../userprog/pagedir.c:42)
0xc002b35f: process_exit (...../userprog/process.c:300)
0xc002c8d2: system_exit (.../../userprog/syscall.c:42)
0xc002ca4b: syscall_handler (...../userprog/syscall.c:241)
0xc0021ab5: intr_handler (..../threads/interrupt.c:359)
0xc0021ce7: intr_entry (threads/intr-stubs.o:?)
In tests/vm/page-parallel:
0x0804a101: chdir (.../../lib/user/syscall.c:98)
Translations of user virtual addresses above are based on a guess at
the binary to use.  If this guess is incorrect, then those
translations will be misleading.

OUTPUT FROM tests/vm/page-parallel:

Copying tests/vm/page-parallel to scratch partition...
Copying tests/vm/child-linear to scratch partition...
squish-pty bochs -q -j 253

PiLo hda1
Loading............
Kernel command line: -q -f extract run page-parallel
Pintos booting with 4,096 kB RAM...
383 pages available in kernel pool.
383 pages available in user pool.
Calibrating timer...  103,000 loops/s.
hda: 13,104 sectors (6 MB), model "BXHD00011", serial "Generic 1234"
hda1: 198 sectors (99 kB), Pintos OS kernel (20)
hda2: 4,096 sectors (2 MB), Pintos file system (21)
hda3: 293 sectors (146 kB), Pintos scratch (22)
hda4: 8,192 sectors (4 MB), Pintos swap (23)
filesys: using hda2
scratch: using hda3
swap: using hda4
Formatting file system...done.
Boot complete.
Extracting ustar archive from scratch device into file system...
Putting 'page-parallel' into the file system...
Putting 'child-linear' into the file system...
Erasing ustar archive...
Executing 'page-parallel':
(page-parallel) begin
(page-parallel) exec "child-linear"
(page-parallel) exec "child-linear"
(page-parallel) exec "child-linear"
(page-parallel) exec "child-linear"
(page-parallel) wait for child 0
child-linear: exit(66)
(page-parallel) wait for child 1
child-linear: exit(66)
child-linear: exit(66)
(page-parallel) wait for child 2
Kernel PANIC at ../../threads/palloc.c:136 in palloc_free_multiple(): assertion `bitmap_all (pool->used_map, page_idx, page_cnt)' failed.
Call stack: 0xc002892b 0xc002355b 0xc0023574 0xc002bba6 0xc002b35f 0xc002c8d2 0xc002ca4b 0xc0021ab5 0xc0021ce7 0x804a101Kernel PANIC recursion at ../../userprog/pagedir.c:58 in lookup_page().
Timer: 84654 ticks
Thread: 113 idle ticks, 877 kernel ticks, 83664 user ticks
hda2 (filesys): 288 reads, 592 writes
hda3 (scratch): 292 reads, 2 writes
hda4 (swap): 16464 reads, 21152 writes
Console: 1631 characters output
Keyboard: 0 keys pressed
Exception: 3109 page faults
Powering off..
- - - - - - - - - - - - - - - - - - - - - - - - - - - - - - - - - - - - - - 

DETAILS OF tests/vm/page-merge-stk FAILURE:

Test output failed to match any acceptable form.

Acceptable output:
  (page-merge-stk) begin
  (page-merge-stk) init
  (page-merge-stk) sort chunk 0
  (page-merge-stk) sort chunk 1
  (page-merge-stk) sort chunk 2
  (page-merge-stk) sort chunk 3
  (page-merge-stk) sort chunk 4
  (page-merge-stk) sort chunk 5
  (page-merge-stk) sort chunk 6
  (page-merge-stk) sort chunk 7
  (page-merge-stk) wait for child 0
  (page-merge-stk) wait for child 1
  (page-merge-stk) wait for child 2
  (page-merge-stk) wait for child 3
  (page-merge-stk) wait for child 4
  (page-merge-stk) wait for child 5
  (page-merge-stk) wait for child 6
  (page-merge-stk) wait for child 7
  (page-merge-stk) merge
  (page-merge-stk) verify
  (page-merge-stk) success, buf_idx=1,048,576
  (page-merge-stk) end
Differences in `diff -u' format:
  (page-merge-stk) begin
  (page-merge-stk) init
  (page-merge-stk) sort chunk 0
  (page-merge-stk) sort chunk 1
  (page-merge-stk) sort chunk 2
  (page-merge-stk) sort chunk 3
  (page-merge-stk) sort chunk 4
  (page-merge-stk) sort chunk 5
  (page-merge-stk) sort chunk 6
  (page-merge-stk) sort chunk 7
  (page-merge-stk) wait for child 0
  (page-merge-stk) wait for child 1
  (page-merge-stk) wait for child 2
  (page-merge-stk) wait for child 3
  (page-merge-stk) wait for child 4
  (page-merge-stk) wait for child 5
  (page-merge-stk) wait for child 6
  (page-merge-stk) wait for child 7
  (page-merge-stk) merge
- (page-merge-stk) verify
- (page-merge-stk) success, buf_idx=1,048,576
- (page-merge-stk) end
+ Page fault at 0x811b000: not present error writing page in user context.
+ There is no crying in Pintos!
+ page-merge-stk: dying due to interrupt 0x0e (#PF Page-Fault Exception).
+ Interrupt 0x0e (#PF Page-Fault Exception) at eip=0x8048150
+  cr2=0811b000 error=00000006
+  eax=08245f60 ebx=00000008 ecx=000000ce edx=00000007
+  esi=0811b001 edi=08245f60 esp=bfffff20 ebp=bfffff68
+  cs=001b ds=0023 es=0023 ss=0023

(Process exit codes are excluded for matching purposes.)

OUTPUT FROM tests/vm/page-merge-stk:

Copying tests/vm/page-merge-stk to scratch partition...
Copying tests/vm/child-qsort to scratch partition...
squish-pty bochs -q -j 253

PiLo hda1
Loading............
Kernel command line: -q -f extract run page-merge-stk
Pintos booting with 4,096 kB RAM...
383 pages available in kernel pool.
383 pages available in user pool.
Calibrating timer...  103,000 loops/s.
hda: 13,104 sectors (6 MB), model "BXHD00011", serial "Generic 1234"
hda1: 198 sectors (99 kB), Pintos OS kernel (20)
hda2: 4,096 sectors (2 MB), Pintos file system (21)
hda3: 311 sectors (155 kB), Pintos scratch (22)
hda4: 8,192 sectors (4 MB), Pintos swap (23)
filesys: using hda2
scratch: using hda3
swap: using hda4
Formatting file system...done.
Boot complete.
Extracting ustar archive from scratch device into file system...
Putting 'page-merge-stk' into the file system...
Putting 'child-qsort' into the file system...
Erasing ustar archive...
Executing 'page-merge-stk':
(page-merge-stk) begin
(page-merge-stk) init
(page-merge-stk) sort chunk 0
(page-merge-stk) sort chunk 1
(page-merge-stk) sort chunk 2
(page-merge-stk) sort chunk 3
(page-merge-stk) sort chunk 4
(page-merge-stk) sort chunk 5
(page-merge-stk) sort chunk 6
(page-merge-stk) sort chunk 7
(page-merge-stk) wait for child 0
child-qsort: exit(72)
(page-merge-stk) wait for child 1
child-qsort: exit(72)
child-qsort: exit(72)
(page-merge-stk) wait for child 2
(page-merge-stk) wait for child 3
child-qsort: exit(72)
child-qsort: exit(72)
child-qsort: exit(72)
child-qsort: exit(72)
(page-merge-stk) wait for child 4
(page-merge-stk) wait for child 5
child-qsort: exit(72)
(page-merge-stk) wait for child 6
(page-merge-stk) wait for child 7
(page-merge-stk) merge
Page fault at 0x811b000: not present error writing page in user context.
There is no crying in Pintos!
page-merge-stk: dying due to interrupt 0x0e (#PF Page-Fault Exception).
Interrupt 0x0e (#PF Page-Fault Exception) at eip=0x8048150
 cr2=0811b000 error=00000006
 eax=08245f60 ebx=00000008 ecx=000000ce edx=00000007
 esi=0811b001 edi=08245f60 esp=bfffff20 ebp=bfffff68
 cs=001b ds=0023 es=0023 ss=0023
page-merge-stk: exit(-1)
Execution of 'page-merge-stk' complete.
Timer: 72653 ticks
Thread: 139 idle ticks, 934 kernel ticks, 71589 user ticks
hda2 (filesys): 4876 reads, 6804 writes
hda3 (scratch): 310 reads, 2 writes
hda4 (swap): 1880 reads, 2600 writes
Console: 2192 characters output
Keyboard: 0 keys pressed
Exception: 578 page faults
Powering off...
